  4  .  8 3 5 4
   x   8   3
         .
  8  . 8 3 5 4 x
   4 xxxxxxxxxx x ..........  8 3
   4 x  3 5 4 x
  8 3  3 5555555555 x  
   3 5 4 x  x ..........
    4 x    8
  .   8 3 5 4 x
   9  1 2  6 7
  4 5 6 7 8 9  .
   9  . 1 2 3 4
  6 7  9  6 7 8
   8 9999999999 6 7  8 9
  5 6666666666 3 4444444444 5 6 7 8888888888
    7 8888888888 8 9  4
  5 6 7 8 9  8 9
   1 2 3 4 5 6 7
    7 8  4 5 6
        6 7
   9 xxxxxxxxxx 7 8 9 xxxxxxxxxx x
   6  5 6666666666 8 9 xxxxxxxxxx
   5 6666666666 6 7 8  .
  9  5 6 7 8 9 x
   7   9  4 5
   1 2222222222 5 6 7 8 
   8 9 x  7 8888888888 
   5 6 7 8 9 x .
    9 x  1 2 3
   7 8888888888  9  8 9
  9 x . 1111111111   x 
    6 7 8 9 x 
    6 7 8 9 x 
  6    4 5 6 7
  6 7777777777   1 2 3 4
  x  9 x    8
   5 6 7 8 9 x .
  4 5 6 7 8 9 x 
   4 5  7 8888888888 7 8
   8 9 /  1 2 3333333333
    3 4 5 6  6
    4 5 6666666666 7 8 9
  9 /  3 4 5 6 7
    6 7 8 9 / 
   6 7 8 9999999999 5 6 7
   8 9 /   3 4444444444
    3   7 8 9
    9 /  4 5555555555 6
  8  4 5   / 
     . 1 2  7
      .  8 9
   7  7 8888888888 7  *
    .  7 8  4
  7 8 9  4 5 6 7
  3 4  5 6 7 8 9
  7 8 9 **********  8  .
       6 7 8
  9 *  5 6 7 8888888888 
    4 5 6 7  3
   9 *   7 8 9
    * * * *  5
  * * * *  5 6 7
      3  4 5
   8  1  9  
  8    *  6 7777777777
  7 8 9 *   4 5
   . 1111111111 *  5 6 7
    9 * *   *
        4 
  9 * *1  . 1 2 3
   *1  *  . 1 2
  3 4 5 6 7 8 9 *
  *1  *  . 1 2 3
  6 7 8 9 * *1  3
  4 5 6 7 8 9999999999 4 
  6 7 8 9 * *1  3
   5 6 7 8 9999999999 5 6
    . 1 2 3  
   6 7 8  7 8 9
   7 8 9 *   
  6 7777777777  6 7 8888888888 1 2
   6 7 8 9 * 1* 
  7 8  5 6 7 8 9
     . 1 2 3 4
   5 6 7 8 9 * 1*
  5     3 4 5
   . 1 2 3 4 5 
  1*    3 4 5555555555 3
   8 9  1*  7 8
